<?xml version="1.0" encoding="UTF-8"?>
<testng-results ignored="0" total="1" passed="1" failed="0" skipped="0">
  <reporter-output>
  </reporter-output>
  <suite started-at="2023-10-05T20:16:25 BST" name="Default suite" finished-at="2023-10-05T20:16:33 BST" duration-ms="7624">
    <groups>
    </groups>
    <test started-at="2023-10-05T20:16:25 BST" name="Default test" finished-at="2023-10-05T20:16:33 BST" duration-ms="7624">
      <class name="ui.Demo1">
        <test-method signature="testmaven()[pri:0, instance:ui.Demo1@19bb07ed]" started-at="2023-10-05T20:16:25 BST" name="testmaven" finished-at="2023-10-05T20:16:32 BST" duration-ms="7535" status="PASS">
          <reporter-output>
          </reporter-output>
        </test-method> <!-- testmaven -->
      </class> <!-- ui.Demo1 -->
    </test> <!-- Default test -->
  </suite> <!-- Default suite -->
</testng-results>
